1796 1798 136 1803 1163 779 1165 1429 1816 1176 1433 2458 1563 1819 1823 1695 32 545 673 1828 1829 1445 1576 1835 812 813 2480 2481 51 1843 1460 54 1082 1083 1084 1469 1090 1092 2383 1872 1104 2771 1877 1111 1114 1121 2402 2275 2672 890 2173 
385 388 390 1930 1683 1684 1685 1687 1688 1690 1949 1693 1698 1699 1701 1702 1703 1704 40 1706 1707 1708 1709 1711 1712 1713 1717 1719 1722 1723 1725 1728 67 1731 1988 1732 1733 1351 1358 1360 473 1373 477 223 1888 1889 1890 1891 1895 1898 1905 
2177 2178 2179 2180 2182 2183 2184 2185 2186 2187 2188 2189 2191 2192 1952 216 92 2142 2144 2146 2148 1894 2151 1768 2154 2155 2158 2159 2160 240 2161 2164 1780 500 244 2165 501 2166 1782 502 2167 247 504 2169 249 2170 506 2171 251 2174 2175 
2816 1280 2562 1282 1155 1283 1284 1669 1287 2567 1290 268 1678 1294 1166 2578 663 2588 2207 2347 1581 945 2609 1587 2356 569 2235 571 2625 450 2245 2502 2246 710 2759 458 2512 2523 2527 1504 608 1124 1649 1138 1144 2812 2558 126 510 2559 1279 
1920 1921 1922 1923 1924 1925 1926 1927 1928 1931 1932 1933 1934 1935 1936 1937 1959 1714 1715 1716 1718 1720 1721 1727 1729 1730 1359 211 1364 1366 1368 1369 1370 1371 1372 1375 1376 226 1892 1897 235 1906 1911 1912 1913 1914 1915 1916 1917 1918 1919 
2689 2690 2692 2698 2699 2701 909 912 915 1556 1557 1558 1564 1053 802 35 1060 1833 1579 43 1580 190 834 198 201 202 1614 856 857 1626 1629 862 1247 2655 2656 2659 2660 2661 2663 2664 2665 2669 2670 2674 2675 2676 2677 2681 1020 2684 2687 
512 518 530 531 532 534 1179 30 552 1192 553 554 2094 2095 2096 1200 1201 1202 1206 1207 1208 2104 57 1210 2107 2364 2111 1216 1218 2123 2125 2126 2127 2128 2130 2132 2135 2138 2779 2140 2785 2786 2404 2791 2407 2408 747 2796 2798 2800 2417 
1411 517 1418 1419 1424 2324 405 533 156 1310 2463 2466 2340 2596 292 2341 2344 2473 1451 299 427 2479 815 819 440 2488 1594 2749 2751 1856 1473 1603 2499 1604 1861 1605 1863 2639 1874 2642 596 2262 1624 2778 1631 867 870 2153 1402 382 766 
768 1409 2561 514 3 2564 2565 2825 2314 785 1554 19 151 24 672 2336 1313 2212 2468 2598 2342 2343 1321 303 1464 572 573 2754 1476 965 2630 1479 2760 1099 2765 1486 1107 2003 1108 2773 600 1116 991 1635 611 1636 1513 749 882 2041 1791 
2435 1156 1157 1158 1159 522 2315 1168 408 2844 412 413 671 415 1188 422 678 168 681 425 1585 1586 1331 2099 1588 183 2756 2373 197 584 2762 2506 2381 462 593 2385 722 727 2521 731 734 740 2536 1386 1642 1135 758 1142 761 762 1659 
2304 769 132 648 2569 654 271 2703 2196 2197 1814 2199 2204 2205 2209 2210 676 2213 805 2214 2215 2217 2220 2221 2607 562 2227 564 565 566 567 2233 574 575 576 2241 2242 579 714 333 723 598 599 603 1117 1632 1640 361 1650 2297 255 
2310 519 1549 2318 2448 1436 2461 1567 1183 1441 1187 2467 1444 2597 1191 2475 1453 1203 2740 1724 828 444 959 2496 836 1222 2247 2120 2122 2379 78 1742 2256 2769 2386 470 2137 2651 732 1884 863 2406 111 245 886 1655 503 1660 1276 2302 1790 
0 1412 781 142 2322 148 149 790 791 1304 793 2590 2334 800 807 428 2477 1839 1842 435 1847 1848 1850 1851 449 451 1219 1607 457 2637 2641 1876 726 858 1630 2399 2017 2274 1378 2277 357 871 2281 2539 752 753 755 2547 1397 2294 1399 
1536 7 2057 266 269 1680 658 18 659 2708 2709 662 2589 2591 2465 2337 302 944 2353 177 2610 2739 692 2612 694 184 1466 2492 188 701 189 1086 2495 704 193 706 196 967 2375 1993 1612 464 1618 2391 2014 738 1638 1643 2667 1657 639 
641 644 645 646 647 649 650 651 2059 653 655 657 2070 2075 1446 2346 2224 306 570 316 2238 318 325 331 1484 973 334 339 2005 981 2013 612 615 616 617 618 619 620 622 623 624 625 627 628 630 631 632 634 635 637 638 
770 771 772 2821 1160 1676 2062 2064 2576 2833 2835 2837 1559 1435 2843 2846 2081 550 423 2345 2602 1837 688 690 1330 2228 1078 2239 2626 1860 69 1992 2378 203 459 976 338 2644 343 2525 614 742 1383 234 2163 2804 1909 2813 1534 1278 1150 
2305 1410 1668 1420 1421 1423 2449 2321 1553 1298 1426 2450 2454 2459 2460 2333 1311 416 288 289 2594 1448 296 298 2483 824 2490 448 713 2250 2643 1619 2263 2649 1881 1625 2010 1882 2272 2018 1379 1381 1389 1390 1392 1395 1787 1404 1405 894 1407 
128 129 131 134 775 139 140 141 2577 786 146 1171 1299 147 788 789 2328 152 2331 2335 2592 928 931 424 2600 1450 1325 1456 2484 1461 437 1462 2359 823 1852 1853 1471 1600 1475 1093 2632 1866 1867 1103 2257 1113 604 741 874 875 2287 
1542 521 778 1546 524 1677 526 143 528 529 792 1560 537 2586 1185 418 1186 420 1831 1961 1196 173 2097 2100 1079 2489 1468 1214 2369 2371 2761 460 206 1743 2260 2389 2774 2267 1886 2398 1118 2654 735 736 2147 231 748 239 1532 125 1406 
2176 1939 1940 1944 1945 1946 1951 1956 1957 1965 1966 1969 1970 1971 1972 1973 1974 1977 1978 1979 1980 1981 1342 1983 72 73 75 77 79 84 213 86 88 217 89 218 90 91 219 95 96 97 228 101 236 237 238 250 252 253 254 
389 394 399 1552 401 1941 1942 26 1955 1571 1958 1575 2091 1328 2098 1336 1340 60 1343 1344 1345 1346 2116 2117 71 1352 1354 1356 2124 1357 80 85 215 471 2139 225 737 483 1896 363 1900 365 1902 1903 1904 370 243 371 2420 1910 759 
897 780 1293 2451 275 278 794 282 284 2332 285 1439 1315 2339 294 295 1320 2474 300 1324 2733 1454 816 1457 1458 820 2485 1463 825 961 1989 1994 1869 2638 1870 1871 1873 851 853 865 868 869 2023 872 873 2030 2031 2036 884 1525 1277 
1793 2306 1667 1800 1545 2700 910 400 1682 1173 22 2327 1431 1177 1817 1434 1180 1822 1184 1568 1826 34 2595 1189 39 1194 2478 1080 1085 837 1221 2640 1105 1110 1753 2395 1628 1119 1762 2403 2152 1772 754 885 378 1786 379 1788 2430 1535 383 
1943 1570 556 557 1332 1334 1337 1735 1736 1737 1738 1739 1740 1741 1744 1745 209 1746 1747 1749 1751 1367 1752 1754 1755 1756 1757 1758 1759 1760 1761 1763 2787 1764 1765 1767 1769 2409 2794 1771 1773 1774 1775 1776 1777 2801 1779 499 1781 1784 2429 
2433 2181 2437 2438 2439 391 392 2440 2442 2443 2444 2445 398 2446 403 21 406 1691 28 1692 36 548 38 45 1327 1338 1212 2109 2112 1985 2113 83 1365 2133 2134 2136 2145 2788 2792 488 2793 2795 368 2802 242 372 2421 2423 2424 2425 380 
1152 642 2051 1285 1289 265 1162 2580 2074 669 157 670 2206 160 165 683 2348 2350 2351 1583 561 563 52 181 2363 2237 194 2628 586 590 2511 2776 609 610 1639 106 1645 109 110 114 2805 757 118 2807 119 2808 121 1145 2043 1148 127 
1792 2 2823 273 2707 276 1815 2839 2456 2714 2716 2719 1440 2464 929 2727 811 2604 301 304 2611 1845 1846 2102 2742 951 1465 1467 1854 1855 832 1857 707 581 2758 585 2763 1995 1999 594 1878 2524 1502 606 2784 2026 2028 2029 2034 2038 1143 
520 523 397 525 20 407 1175 538 540 1950 1190 1193 1195 555 2092 1197 2093 1198 1329 2101 1333 1335 1209 2362 2108 1213 2110 1215 1217 2115 1734 2374 1223 2768 2384 2131 2397 2783 2143 739 1766 359 233 745 746 750 2673 1778 373 246 760 
2049 2056 2323 1428 2453 918 1430 1432 921 923 2717 926 1438 1312 1442 930 1314 932 933 934 297 938 2090 941 2608 947 1459 948 949 2741 950 2614 2487 952 953 1081 954 955 956 1470 962 1474 964 966 968 350 354 2020 2035 2299 2044 
2704 2705 2710 2712 2713 2715 1821 2718 2726 2470 2729 2730 2731 2732 2734 2735 2736 2737 2738 2743 2744 2745 2746 2747 2748 2752 2753 1990 2001 1490 1491 1492 1498 1505 1508 1510 1511 2024 1512 2025 1515 1516 1517 1518 1520 1522 1524 2039 1527 1528 1529 
384 386 395 11 1938 23 1947 1948 1694 1572 1960 1962 1964 1967 1968 1975 1976 1339 1982 1984 1986 1987 1348 1349 70 74 204 1361 466 210 1363 1750 220 221 93 1374 222 478 224 100 229 1893 230 2790 232 2156 1907 2419 1908 2168 381 
2048 2053 1805 2830 1807 2063 1809 1810 2067 2836 2325 2198 1820 2079 2850 2854 2216 2089 1449 1455 1074 1077 2230 310 313 1087 1088 2624 1089 195 2501 1094 1478 1097 1353 1098 1101 1106 2770 724 1109 342 2396 995 1001 1002 1133 1139 1146 1019 1789 
2691 2693 2694 2695 2696 1052 1057 1058 1059 1062 1224 1225 1226 1227 844 1229 1230 1232 1234 1235 1236 1237 1238 1239 1240 1241 1242 1243 1244 860 1245 1246 1248 1249 1250 1251 1252 1253 1254 1256 1257 1260 1261 1263 1264 1265 1267 1269 1270 1271 1272 
1666 12 1550 404 1300 661 2711 2583 409 1562 2720 290 2722 291 2724 1573 293 2469 2725 42 943 50 1589 822 2615 443 963 199 1864 2121 461 2767 1616 849 2515 1620 852 2007 1880 2265 346 864 2530 227 1380 360 1519 367 2679 1401 891 
2820 4 773 396 2834 411 27 799 287 674 675 2853 166 684 687 180 821 696 442 186 1597 445 2366 191 65 708 455 2248 588 1613 2254 463 2258 2259 468 2388 2517 2520 2522 2266 1122 2535 1129 2410 490 2541 1391 2288 2033 1137 1656 
1808 1812 2071 2200 31 2222 1071 1072 1075 1076 2243 1095 971 972 1100 1102 975 977 978 979 982 983 984 1112 985 986 987 988 989 992 994 996 997 998 999 1000 1003 1004 1005 1007 1008 1009 1010 1012 1013 1014 1015 1016 1017 1018 2172 
1 2818 387 2309 5 393 2826 1292 2828 2831 2832 1681 2838 2841 2457 2842 2847 159 2848 2849 161 2338 2852 677 679 680 685 686 693 2486 695 2616 1849 699 702 2498 1859 452 709 456 2634 2507 205 847 2004 2772 2782 481 2021 1521 2809 
2434 2436 10 2190 2447 539 1051 541 542 1696 33 1954 546 547 549 37 551 41 1963 44 1710 558 46 559 560 49 59 1596 1726 830 63 66 2114 2118 1355 2129 82 212 1748 214 476 98 486 489 1770 2412 2416 2422 1783 2426 2431 
1670 2441 9 15 1686 25 1953 1705 1326 48 2103 55 56 58 61 1341 64 1347 68 207 208 465 81 1362 467 87 472 2393 474 475 479 1887 482 99 484 485 487 491 2411 2157 494 496 497 241 2418 498 2162 248 2427 2428 508 
1281 2563 1288 2824 2571 2572 2829 2319 1170 664 665 2202 410 414 162 2851 1582 2357 2627 1096 2508 2636 719 1488 2513 2516 2261 2518 2519 2529 2273 1123 1126 1132 1647 2544 369 1140 2548 1653 1141 2550 2806 2551 2553 2554 122 2555 1151 1663 2815 
1026 1671 8 1672 1161 14 1295 1296 1169 17 1042 1555 1301 1303 801 1578 426 689 1844 1590 1592 185 697 2493 1599 1601 2244 200 1865 1228 2253 846 1231 2646 2264 2268 2652 2653 2270 2280 2283 1387 2284 2285 2286 1393 2290 2292 1654 376 377 
1024 2688 1794 1795 1797 1801 1417 1804 2702 1038 782 1422 783 1811 787 1813 1818 1437 29 797 1055 1824 1825 1443 1827 1830 1447 1834 1452 47 2482 712 1615 1233 1879 1885 2657 2662 2278 2668 879 2671 1266 2293 2678 374 375 1400 1785 2686 767 
2560 1665 2050 2308 133 2566 2054 2568 2061 1806 2579 1172 2582 2840 2584 2585 1308 1309 1182 2078 927 2080 1319 2219 1073 2226 2361 2106 2234 1211 2619 2236 2370 2377 2635 717 336 721 729 733 1503 356 364 1134 113 1658 1147 1661 2301 1662 2814 
640 1154 2697 1291 2827 652 2574 656 2066 660 150 666 667 668 2593 803 2085 176 309 312 2618 2620 326 332 2002 340 1497 1115 1501 1120 1634 1637 2534 2022 1514 108 621 1006 626 1651 115 116 629 2040 633 2042 2556 2045 2046 2047 2303 
1153 2055 776 777 1673 1929 2313 2570 267 2060 1548 1167 2575 2065 2194 2195 536 1561 2203 796 2208 2605 2223 2352 2225 1204 2613 2621 2119 2505 2380 974 720 2387 725 341 2526 2528 1506 1127 2538 1130 1899 1901 495 2545 1011 2549 2810 1149 511 
2193 2069 2072 2201 2077 2082 2083 2084 2086 2087 2088 2218 2603 2606 307 308 317 320 321 322 324 327 1480 328 969 1481 330 970 1482 1483 335 1489 1494 1495 1496 2009 347 348 1500 349 990 1633 993 1507 355 1509 102 103 1526 636 2557 
1664 2817 2819 774 2822 2312 1674 2058 138 527 144 274 2581 2073 1306 2076 2845 2723 1316 2728 937 1840 314 2240 1858 2500 2631 2503 2504 329 2633 715 716 2509 1485 2510 2514 980 1493 1125 1128 104 105 1644 2540 1648 1523 756 2552 2811 124 
256 1408 257 513 515 259 516 260 2052 1286 263 264 1675 272 2068 280 281 286 158 163 1323 172 174 691 2229 2231 2232 2750 2368 578 580 2757 582 589 718 591 592 597 2390 2006 728 601 730 2780 605 607 1259 107 2546 120 764 
1539 901 1541 1414 135 1416 13 1551 784 1425 145 2326 2455 2330 1565 1574 808 809 810 1066 429 814 433 2360 446 447 1606 840 1608 2249 1611 1622 1623 855 2392 2658 2276 2279 1384 362 2282 1388 881 2289 1394 2291 1398 1530 2682 1403 2685 
898 130 261 1799 1802 270 2452 1174 279 919 920 2329 922 1178 795 924 925 2721 1317 935 936 939 1836 940 942 1838 946 2358 2105 957 958 2494 1472 1991 1996 2764 1997 2011 1499 2012 2141 2015 353 1646 1136 2295 2296 763 1531 123 1533 
1537 1538 1413 1415 1544 137 2573 1679 1427 277 535 1181 1569 2471 2354 2355 1205 53 182 441 1595 62 2623 960 2755 1220 1477 453 1610 2766 2775 2008 2648 1883 2781 94 2271 2019 2789 2150 743 1385 1641 2797 493 751 1652 2037 2298 2683 765 
1025 1027 1028 1029 1030 1031 1032 1033 905 1034 906 1035 907 1036 1037 1039 911 1040 1041 914 1043 1044 916 1045 1046 1047 1048 1050 1054 1056 1697 1061 1318 1063 1064 1832 1065 1067 1068 1069 1070 835 861 1255 1262 2680 1274 1021 893 1022 1023 
2432 904 402 1302 1689 1049 2462 543 544 1700 806 2472 169 1199 431 438 1591 826 2491 700 2365 2367 703 192 833 2497 1602 1862 839 2376 841 76 2382 1617 1621 2394 2400 2401 2531 2149 2405 358 2666 2413 2414 2415 1396 888 505 507 509 
2307 6 1164 1297 153 155 419 421 2599 167 682 170 2476 2349 175 1584 432 1841 434 179 436 439 1593 2617 698 1598 705 2372 1350 2251 2252 1998 2255 2645 469 2777 2650 2269 2016 1377 2532 2533 1382 2537 2027 492 2542 366 2543 2799 1275 
896 899 1540 900 902 903 1543 1547 908 16 913 917 1305 798 804 1577 1322 430 817 818 827 829 831 838 454 711 1609 842 843 1868 845 848 850 1875 854 859 1627 866 1258 1131 876 877 878 880 883 1268 887 889 1273 892 895 
258 643 262 2311 2316 2317 2320 2706 154 1307 283 2587 1566 417 2211 164 2601 171 305 178 311 568 187 315 2622 319 577 1091 323 2629 583 587 1487 2000 337 595 2647 344 345 602 351 352 480 613 744 112 2032 2803 117 2300 
